<?xml version="1.0" encoding="UTF-8"?>
<testsuite xmlns:xsi="http://www.w3.org/2001/XMLSchema-instance" xsi:noNamespaceSchemaLocation="https://maven.apache.org/surefire/maven-surefire-plugin/xsd/surefire-test-report.xsd" name="com.teamtwo.xitu.XituApplicationTests" time="4.348" tests="1" errors="0" skipped="0" failures="0">
  <properties>
    <property name="sun.desktop" value="windows"/>
    <property name="awt.toolkit" value="sun.awt.windows.WToolkit"/>
    <property name="file.encoding.pkg" value="sun.io"/>
    <property name="java.specification.version" value="1.8"/>
    <property name="sun.cpu.isalist" value="amd64"/>
    <property name="sun.jnu.encoding" value="GBK"/>
    <property name="java.class.path" value="D:\Development\codes\xitu2\target\test-classes;D:\Development\codes\xitu2\target\classes;D:\mavenRepository\com\baomidou\mybatis-plus-boot-starter\3.4.0\mybatis-plus-boot-starter-3.4.0.jar;D:\mavenRepository\com\baomidou\mybatis-plus\3.4.0\mybatis-plus-3.4.0.jar;D:\mavenRepository\com\baomidou\mybatis-plus-extension\3.4.0\mybatis-plus-extension-3.4.0.jar;D:\mavenRepository\com\baomidou\mybatis-plus-core\3.4.0\mybatis-plus-core-3.4.0.jar;D:\mavenRepository\com\baomidou\mybatis-plus-annotation\3.4.0\mybatis-plus-annotation-3.4.0.jar;D:\mavenRepository\com\github\jsqlparser\jsqlparser\3.2\jsqlparser-3.2.jar;D:\mavenRepository\org\mybatis\mybatis\3.5.5\mybatis-3.5.5.jar;D:\mavenRepository\org\mybatis\mybatis-spring\2.0.5\mybatis-spring-2.0.5.jar;D:\mavenRepository\org\springframework\boot\spring-boot-autoconfigure\2.7.5\spring-boot-autoconfigure-2.7.5.jar;D:\mavenRepository\org\springframework\boot\spring-boot\2.7.5\spring-boot-2.7.5.jar;D:\mavenRepository\org\springframework\boot\spring-boot-starter-jdbc\2.7.5\spring-boot-starter-jdbc-2.7.5.jar;D:\mavenRepository\com\zaxxer\HikariCP\4.0.3\HikariCP-4.0.3.jar;D:\mavenRepository\org\springframework\spring-jdbc\5.3.23\spring-jdbc-5.3.23.jar;D:\mavenRepository\com\alibaba\fastjson\1.2.78\fastjson-1.2.78.jar;D:\mavenRepository\org\springframework\boot\spring-boot-starter-data-redis\2.7.5\spring-boot-starter-data-redis-2.7.5.jar;D:\mavenRepository\org\springframework\boot\spring-boot-starter\2.7.5\spring-boot-starter-2.7.5.jar;D:\mavenRepository\org\springframework\boot\spring-boot-starter-logging\2.7.5\spring-boot-starter-logging-2.7.5.jar;D:\mavenRepository\ch\qos\logback\logback-classic\1.2.11\logback-classic-1.2.11.jar;D:\mavenRepository\ch\qos\logback\logback-core\1.2.11\logback-core-1.2.11.jar;D:\mavenRepository\org\apache\logging\log4j\log4j-to-slf4j\2.17.2\log4j-to-slf4j-2.17.2.jar;D:\mavenRepository\org\apache\logging\log4j\log4j-api\2.17.2\log4j-api-2.17.2.jar;D:\mavenRepository\org\slf4j\jul-to-slf4j\1.7.36\jul-to-slf4j-1.7.36.jar;D:\mavenRepository\jakarta\annotation\jakarta.annotation-api\1.3.5\jakarta.annotation-api-1.3.5.jar;D:\mavenRepository\org\yaml\snakeyaml\1.30\snakeyaml-1.30.jar;D:\mavenRepository\org\springframework\data\spring-data-redis\2.7.5\spring-data-redis-2.7.5.jar;D:\mavenRepository\org\springframework\data\spring-data-keyvalue\2.7.5\spring-data-keyvalue-2.7.5.jar;D:\mavenRepository\org\springframework\data\spring-data-commons\2.7.5\spring-data-commons-2.7.5.jar;D:\mavenRepository\org\springframework\spring-tx\5.3.23\spring-tx-5.3.23.jar;D:\mavenRepository\org\springframework\spring-oxm\5.3.23\spring-oxm-5.3.23.jar;D:\mavenRepository\org\springframework\spring-aop\5.3.23\spring-aop-5.3.23.jar;D:\mavenRepository\org\springframework\spring-context-support\5.3.23\spring-context-support-5.3.23.jar;D:\mavenRepository\org\slf4j\slf4j-api\1.7.36\slf4j-api-1.7.36.jar;D:\mavenRepository\io\lettuce\lettuce-core\6.1.10.RELEASE\lettuce-core-6.1.10.RELEASE.jar;D:\mavenRepository\io\netty\netty-common\4.1.84.Final\netty-common-4.1.84.Final.jar;D:\mavenRepository\io\netty\netty-handler\4.1.84.Final\netty-handler-4.1.84.Final.jar;D:\mavenRepository\io\netty\netty-resolver\4.1.84.Final\netty-resolver-4.1.84.Final.jar;D:\mavenRepository\io\netty\netty-buffer\4.1.84.Final\netty-buffer-4.1.84.Final.jar;D:\mavenRepository\io\netty\netty-transport-native-unix-common\4.1.84.Final\netty-transport-native-unix-common-4.1.84.Final.jar;D:\mavenRepository\io\netty\netty-codec\4.1.84.Final\netty-codec-4.1.84.Final.jar;D:\mavenRepository\io\netty\netty-transport\4.1.84.Final\netty-transport-4.1.84.Final.jar;D:\mavenRepository\io\projectreactor\reactor-core\3.4.24\reactor-core-3.4.24.jar;D:\mavenRepository\org\reactivestreams\reactive-streams\1.0.4\reactive-streams-1.0.4.jar;D:\mavenRepository\org\springframework\boot\spring-boot-starter-web\2.7.5\spring-boot-starter-web-2.7.5.jar;D:\mavenRepository\org\springframework\boot\spring-boot-starter-json\2.7.5\spring-boot-starter-json-2.7.5.jar;D:\mavenRepository\com\fasterxml\jackson\datatype\jackson-datatype-jdk8\2.13.4\jackson-datatype-jdk8-2.13.4.jar;D:\mavenRepository\com\fasterxml\jackson\datatype\jackson-datatype-jsr310\2.13.4\jackson-datatype-jsr310-2.13.4.jar;D:\mavenRepository\com\fasterxml\jackson\module\jackson-module-parameter-names\2.13.4\jackson-module-parameter-names-2.13.4.jar;D:\mavenRepository\org\springframework\boot\spring-boot-starter-tomcat\2.7.5\spring-boot-starter-tomcat-2.7.5.jar;D:\mavenRepository\org\apache\tomcat\embed\tomcat-embed-core\9.0.68\tomcat-embed-core-9.0.68.jar;D:\mavenRepository\org\apache\tomcat\embed\tomcat-embed-el\9.0.68\tomcat-embed-el-9.0.68.jar;D:\mavenRepository\org\apache\tomcat\embed\tomcat-embed-websocket\9.0.68\tomcat-embed-websocket-9.0.68.jar;D:\mavenRepository\org\springframework\spring-web\5.3.23\spring-web-5.3.23.jar;D:\mavenRepository\org\springframework\spring-beans\5.3.23\spring-beans-5.3.23.jar;D:\mavenRepository\org\springframework\spring-webmvc\5.3.23\spring-webmvc-5.3.23.jar;D:\mavenRepository\org\springframework\spring-context\5.3.23\spring-context-5.3.23.jar;D:\mavenRepository\org\springframework\spring-expression\5.3.23\spring-expression-5.3.23.jar;D:\mavenRepository\cn\dev33\sa-token-spring-boot-starter\1.37.0\sa-token-spring-boot-starter-1.37.0.jar;D:\mavenRepository\cn\dev33\sa-token-servlet\1.37.0\sa-token-servlet-1.37.0.jar;D:\mavenRepository\cn\dev33\sa-token-spring-boot-autoconfig\1.37.0\sa-token-spring-boot-autoconfig-1.37.0.jar;D:\mavenRepository\cn\dev33\sa-token-redis-jackson\1.37.0\sa-token-redis-jackson-1.37.0.jar;D:\mavenRepository\cn\dev33\sa-token-core\1.37.0\sa-token-core-1.37.0.jar;D:\mavenRepository\cn\dev33\sa-token-jwt\1.37.0\sa-token-jwt-1.37.0.jar;D:\mavenRepository\com\auth0\java-jwt\3.4.0\java-jwt-3.4.0.jar;D:\mavenRepository\com\fasterxml\jackson\core\jackson-databind\2.13.4.2\jackson-databind-2.13.4.2.jar;D:\mavenRepository\com\fasterxml\jackson\core\jackson-annotations\2.13.4\jackson-annotations-2.13.4.jar;D:\mavenRepository\com\fasterxml\jackson\core\jackson-core\2.13.4\jackson-core-2.13.4.jar;D:\mavenRepository\commons-codec\commons-codec\1.15\commons-codec-1.15.jar;D:\mavenRepository\cn\hutool\hutool-json\5.7.14\hutool-json-5.7.14.jar;D:\mavenRepository\cn\hutool\hutool-jwt\5.7.14\hutool-jwt-5.7.14.jar;D:\mavenRepository\cn\hutool\hutool-core\5.7.14\hutool-core-5.7.14.jar;D:\mavenRepository\cn\hutool\hutool-crypto\5.7.14\hutool-crypto-5.7.14.jar;D:\mavenRepository\com\mysql\mysql-connector-j\8.0.31\mysql-connector-j-8.0.31.jar;D:\mavenRepository\org\projectlombok\lombok\1.18.24\lombok-1.18.24.jar;D:\mavenRepository\org\springframework\boot\spring-boot-starter-test\2.7.5\spring-boot-starter-test-2.7.5.jar;D:\mavenRepository\org\springframework\boot\spring-boot-test\2.7.5\spring-boot-test-2.7.5.jar;D:\mavenRepository\org\springframework\boot\spring-boot-test-autoconfigure\2.7.5\spring-boot-test-autoconfigure-2.7.5.jar;D:\mavenRepository\com\jayway\jsonpath\json-path\2.7.0\json-path-2.7.0.jar;D:\mavenRepository\net\minidev\json-smart\2.4.8\json-smart-2.4.8.jar;D:\mavenRepository\net\minidev\accessors-smart\2.4.8\accessors-smart-2.4.8.jar;D:\mavenRepository\org\ow2\asm\asm\9.1\asm-9.1.jar;D:\mavenRepository\jakarta\xml\bind\jakarta.xml.bind-api\2.3.3\jakarta.xml.bind-api-2.3.3.jar;D:\mavenRepository\jakarta\activation\jakarta.activation-api\1.2.2\jakarta.activation-api-1.2.2.jar;D:\mavenRepository\org\assertj\assertj-core\3.22.0\assertj-core-3.22.0.jar;D:\mavenRepository\org\hamcrest\hamcrest\2.2\hamcrest-2.2.jar;D:\mavenRepository\org\junit\jupiter\junit-jupiter\5.8.2\junit-jupiter-5.8.2.jar;D:\mavenRepository\org\junit\jupiter\junit-jupiter-api\5.8.2\junit-jupiter-api-5.8.2.jar;D:\mavenRepository\org\opentest4j\opentest4j\1.2.0\opentest4j-1.2.0.jar;D:\mavenRepository\org\junit\platform\junit-platform-commons\1.8.2\junit-platform-commons-1.8.2.jar;D:\mavenRepository\org\apiguardian\apiguardian-api\1.1.2\apiguardian-api-1.1.2.jar;D:\mavenRepository\org\junit\jupiter\junit-jupiter-params\5.8.2\junit-jupiter-params-5.8.2.jar;D:\mavenRepository\org\junit\jupiter\junit-jupiter-engine\5.8.2\junit-jupiter-engine-5.8.2.jar;D:\mavenRepository\org\junit\platform\junit-platform-engine\1.8.2\junit-platform-engine-1.8.2.jar;D:\mavenRepository\org\mockito\mockito-core\4.5.1\mockito-core-4.5.1.jar;D:\mavenRepository\net\bytebuddy\byte-buddy\1.12.18\byte-buddy-1.12.18.jar;D:\mavenRepository\net\bytebuddy\byte-buddy-agent\1.12.18\byte-buddy-agent-1.12.18.jar;D:\mavenRepository\org\objenesis\objenesis\3.2\objenesis-3.2.jar;D:\mavenRepository\org\mockito\mockito-junit-jupiter\4.5.1\mockito-junit-jupiter-4.5.1.jar;D:\mavenRepository\org\skyscreamer\jsonassert\1.5.1\jsonassert-1.5.1.jar;D:\mavenRepository\com\vaadin\external\google\android-json\0.0.20131108.vaadin1\android-json-0.0.20131108.vaadin1.jar;D:\mavenRepository\org\springframework\spring-core\5.3.23\spring-core-5.3.23.jar;D:\mavenRepository\org\springframework\spring-jcl\5.3.23\spring-jcl-5.3.23.jar;D:\mavenRepository\org\springframework\spring-test\5.3.23\spring-test-5.3.23.jar;D:\mavenRepository\org\xmlunit\xmlunit-core\2.9.0\xmlunit-core-2.9.0.jar;D:\mavenRepository\com\aliyun\oss\aliyun-sdk-oss\3.17.2\aliyun-sdk-oss-3.17.2.jar;D:\mavenRepository\org\apache\httpcomponents\httpclient\4.5.13\httpclient-4.5.13.jar;D:\mavenRepository\org\apache\httpcomponents\httpcore\4.4.15\httpcore-4.4.15.jar;D:\mavenRepository\org\jdom\jdom2\2.0.6.1\jdom2-2.0.6.1.jar;D:\mavenRepository\org\codehaus\jettison\jettison\1.5.4\jettison-1.5.4.jar;D:\mavenRepository\com\aliyun\aliyun-java-sdk-core\4.5.10\aliyun-java-sdk-core-4.5.10.jar;D:\mavenRepository\com\google\code\gson\gson\2.9.1\gson-2.9.1.jar;D:\mavenRepository\commons-logging\commons-logging\1.2\commons-logging-1.2.jar;D:\mavenRepository\javax\xml\bind\jaxb-api\2.3.1\jaxb-api-2.3.1.jar;D:\mavenRepository\javax\activation\javax.activation-api\1.2.0\javax.activation-api-1.2.0.jar;D:\mavenRepository\org\jacoco\org.jacoco.agent\0.8.5\org.jacoco.agent-0.8.5-runtime.jar;D:\mavenRepository\org\ini4j\ini4j\0.5.4\ini4j-0.5.4.jar;D:\mavenRepository\io\opentracing\opentracing-api\0.33.0\opentracing-api-0.33.0.jar;D:\mavenRepository\io\opentracing\opentracing-util\0.33.0\opentracing-util-0.33.0.jar;D:\mavenRepository\io\opentracing\opentracing-noop\0.33.0\opentracing-noop-0.33.0.jar;D:\mavenRepository\com\aliyun\aliyun-java-sdk-ram\3.1.0\aliyun-java-sdk-ram-3.1.0.jar;D:\mavenRepository\com\aliyun\aliyun-java-sdk-kms\2.11.0\aliyun-java-sdk-kms-2.11.0.jar;"/>
    <property name="java.vm.vendor" value="Oracle Corporation"/>
    <property name="sun.arch.data.model" value="64"/>
    <property name="user.variant" value=""/>
    <property name="java.vendor.url" value="http://java.oracle.com/"/>
    <property name="user.timezone" value="Asia/Shanghai"/>
    <property name="java.vm.specification.version" value="1.8"/>
    <property name="os.name" value="Windows 10"/>
    <property name="user.country" value="CN"/>
    <property name="sun.java.launcher" value="SUN_STANDARD"/>
    <property name="sun.boot.library.path" value="C:\Program Files\Java\jdk-1.8\jre\bin"/>
    <property name="sun.java.command" value="C:\Users\wjc28\AppData\Local\Temp\surefire8091044876691237574\surefirebooter656087361567618880.jar C:\Users\wjc28\AppData\Local\Temp\surefire8091044876691237574 2024-03-01T20-57-09_566-jvmRun1 surefire2479079852508797052tmp surefire_04298770821013760425tmp"/>
    <property name="surefire.test.class.path" value="D:\Development\codes\xitu2\target\test-classes;D:\Development\codes\xitu2\target\classes;D:\mavenRepository\com\baomidou\mybatis-plus-boot-starter\3.4.0\mybatis-plus-boot-starter-3.4.0.jar;D:\mavenRepository\com\baomidou\mybatis-plus\3.4.0\mybatis-plus-3.4.0.jar;D:\mavenRepository\com\baomidou\mybatis-plus-extension\3.4.0\mybatis-plus-extension-3.4.0.jar;D:\mavenRepository\com\baomidou\mybatis-plus-core\3.4.0\mybatis-plus-core-3.4.0.jar;D:\mavenRepository\com\baomidou\mybatis-plus-annotation\3.4.0\mybatis-plus-annotation-3.4.0.jar;D:\mavenRepository\com\github\jsqlparser\jsqlparser\3.2\jsqlparser-3.2.jar;D:\mavenRepository\org\mybatis\mybatis\3.5.5\mybatis-3.5.5.jar;D:\mavenRepository\org\mybatis\mybatis-spring\2.0.5\mybatis-spring-2.0.5.jar;D:\mavenRepository\org\springframework\boot\spring-boot-autoconfigure\2.7.5\spring-boot-autoconfigure-2.7.5.jar;D:\mavenRepository\org\springframework\boot\spring-boot\2.7.5\spring-boot-2.7.5.jar;D:\mavenRepository\org\springframework\boot\spring-boot-starter-jdbc\2.7.5\spring-boot-starter-jdbc-2.7.5.jar;D:\mavenRepository\com\zaxxer\HikariCP\4.0.3\HikariCP-4.0.3.jar;D:\mavenRepository\org\springframework\spring-jdbc\5.3.23\spring-jdbc-5.3.23.jar;D:\mavenRepository\com\alibaba\fastjson\1.2.78\fastjson-1.2.78.jar;D:\mavenRepository\org\springframework\boot\spring-boot-starter-data-redis\2.7.5\spring-boot-starter-data-redis-2.7.5.jar;D:\mavenRepository\org\springframework\boot\spring-boot-starter\2.7.5\spring-boot-starter-2.7.5.jar;D:\mavenRepository\org\springframework\boot\spring-boot-starter-logging\2.7.5\spring-boot-starter-logging-2.7.5.jar;D:\mavenRepository\ch\qos\logback\logback-classic\1.2.11\logback-classic-1.2.11.jar;D:\mavenRepository\ch\qos\logback\logback-core\1.2.11\logback-core-1.2.11.jar;D:\mavenRepository\org\apache\logging\log4j\log4j-to-slf4j\2.17.2\log4j-to-slf4j-2.17.2.jar;D:\mavenRepository\org\apache\logging\log4j\log4j-api\2.17.2\log4j-api-2.17.2.jar;D:\mavenRepository\org\slf4j\jul-to-slf4j\1.7.36\jul-to-slf4j-1.7.36.jar;D:\mavenRepository\jakarta\annotation\jakarta.annotation-api\1.3.5\jakarta.annotation-api-1.3.5.jar;D:\mavenRepository\org\yaml\snakeyaml\1.30\snakeyaml-1.30.jar;D:\mavenRepository\org\springframework\data\spring-data-redis\2.7.5\spring-data-redis-2.7.5.jar;D:\mavenRepository\org\springframework\data\spring-data-keyvalue\2.7.5\spring-data-keyvalue-2.7.5.jar;D:\mavenRepository\org\springframework\data\spring-data-commons\2.7.5\spring-data-commons-2.7.5.jar;D:\mavenRepository\org\springframework\spring-tx\5.3.23\spring-tx-5.3.23.jar;D:\mavenRepository\org\springframework\spring-oxm\5.3.23\spring-oxm-5.3.23.jar;D:\mavenRepository\org\springframework\spring-aop\5.3.23\spring-aop-5.3.23.jar;D:\mavenRepository\org\springframework\spring-context-support\5.3.23\spring-context-support-5.3.23.jar;D:\mavenRepository\org\slf4j\slf4j-api\1.7.36\slf4j-api-1.7.36.jar;D:\mavenRepository\io\lettuce\lettuce-core\6.1.10.RELEASE\lettuce-core-6.1.10.RELEASE.jar;D:\mavenRepository\io\netty\netty-common\4.1.84.Final\netty-common-4.1.84.Final.jar;D:\mavenRepository\io\netty\netty-handler\4.1.84.Final\netty-handler-4.1.84.Final.jar;D:\mavenRepository\io\netty\netty-resolver\4.1.84.Final\netty-resolver-4.1.84.Final.jar;D:\mavenRepository\io\netty\netty-buffer\4.1.84.Final\netty-buffer-4.1.84.Final.jar;D:\mavenRepository\io\netty\netty-transport-native-unix-common\4.1.84.Final\netty-transport-native-unix-common-4.1.84.Final.jar;D:\mavenRepository\io\netty\netty-codec\4.1.84.Final\netty-codec-4.1.84.Final.jar;D:\mavenRepository\io\netty\netty-transport\4.1.84.Final\netty-transport-4.1.84.Final.jar;D:\mavenRepository\io\projectreactor\reactor-core\3.4.24\reactor-core-3.4.24.jar;D:\mavenRepository\org\reactivestreams\reactive-streams\1.0.4\reactive-streams-1.0.4.jar;D:\mavenRepository\org\springframework\boot\spring-boot-starter-web\2.7.5\spring-boot-starter-web-2.7.5.jar;D:\mavenRepository\org\springframework\boot\spring-boot-starter-json\2.7.5\spring-boot-starter-json-2.7.5.jar;D:\mavenRepository\com\fasterxml\jackson\datatype\jackson-datatype-jdk8\2.13.4\jackson-datatype-jdk8-2.13.4.jar;D:\mavenRepository\com\fasterxml\jackson\datatype\jackson-datatype-jsr310\2.13.4\jackson-datatype-jsr310-2.13.4.jar;D:\mavenRepository\com\fasterxml\jackson\module\jackson-module-parameter-names\2.13.4\jackson-module-parameter-names-2.13.4.jar;D:\mavenRepository\org\springframework\boot\spring-boot-starter-tomcat\2.7.5\spring-boot-starter-tomcat-2.7.5.jar;D:\mavenRepository\org\apache\tomcat\embed\tomcat-embed-core\9.0.68\tomcat-embed-core-9.0.68.jar;D:\mavenRepository\org\apache\tomcat\embed\tomcat-embed-el\9.0.68\tomcat-embed-el-9.0.68.jar;D:\mavenRepository\org\apache\tomcat\embed\tomcat-embed-websocket\9.0.68\tomcat-embed-websocket-9.0.68.jar;D:\mavenRepository\org\springframework\spring-web\5.3.23\spring-web-5.3.23.jar;D:\mavenRepository\org\springframework\spring-beans\5.3.23\spring-beans-5.3.23.jar;D:\mavenRepository\org\springframework\spring-webmvc\5.3.23\spring-webmvc-5.3.23.jar;D:\mavenRepository\org\springframework\spring-context\5.3.23\spring-context-5.3.23.jar;D:\mavenRepository\org\springframework\spring-expression\5.3.23\spring-expression-5.3.23.jar;D:\mavenRepository\cn\dev33\sa-token-spring-boot-starter\1.37.0\sa-token-spring-boot-starter-1.37.0.jar;D:\mavenRepository\cn\dev33\sa-token-servlet\1.37.0\sa-token-servlet-1.37.0.jar;D:\mavenRepository\cn\dev33\sa-token-spring-boot-autoconfig\1.37.0\sa-token-spring-boot-autoconfig-1.37.0.jar;D:\mavenRepository\cn\dev33\sa-token-redis-jackson\1.37.0\sa-token-redis-jackson-1.37.0.jar;D:\mavenRepository\cn\dev33\sa-token-core\1.37.0\sa-token-core-1.37.0.jar;D:\mavenRepository\cn\dev33\sa-token-jwt\1.37.0\sa-token-jwt-1.37.0.jar;D:\mavenRepository\com\auth0\java-jwt\3.4.0\java-jwt-3.4.0.jar;D:\mavenRepository\com\fasterxml\jackson\core\jackson-databind\2.13.4.2\jackson-databind-2.13.4.2.jar;D:\mavenRepository\com\fasterxml\jackson\core\jackson-annotations\2.13.4\jackson-annotations-2.13.4.jar;D:\mavenRepository\com\fasterxml\jackson\core\jackson-core\2.13.4\jackson-core-2.13.4.jar;D:\mavenRepository\commons-codec\commons-codec\1.15\commons-codec-1.15.jar;D:\mavenRepository\cn\hutool\hutool-json\5.7.14\hutool-json-5.7.14.jar;D:\mavenRepository\cn\hutool\hutool-jwt\5.7.14\hutool-jwt-5.7.14.jar;D:\mavenRepository\cn\hutool\hutool-core\5.7.14\hutool-core-5.7.14.jar;D:\mavenRepository\cn\hutool\hutool-crypto\5.7.14\hutool-crypto-5.7.14.jar;D:\mavenRepository\com\mysql\mysql-connector-j\8.0.31\mysql-connector-j-8.0.31.jar;D:\mavenRepository\org\projectlombok\lombok\1.18.24\lombok-1.18.24.jar;D:\mavenRepository\org\springframework\boot\spring-boot-starter-test\2.7.5\spring-boot-starter-test-2.7.5.jar;D:\mavenRepository\org\springframework\boot\spring-boot-test\2.7.5\spring-boot-test-2.7.5.jar;D:\mavenRepository\org\springframework\boot\spring-boot-test-autoconfigure\2.7.5\spring-boot-test-autoconfigure-2.7.5.jar;D:\mavenRepository\com\jayway\jsonpath\json-path\2.7.0\json-path-2.7.0.jar;D:\mavenRepository\net\minidev\json-smart\2.4.8\json-smart-2.4.8.jar;D:\mavenRepository\net\minidev\accessors-smart\2.4.8\accessors-smart-2.4.8.jar;D:\mavenRepository\org\ow2\asm\asm\9.1\asm-9.1.jar;D:\mavenRepository\jakarta\xml\bind\jakarta.xml.bind-api\2.3.3\jakarta.xml.bind-api-2.3.3.jar;D:\mavenRepository\jakarta\activation\jakarta.activation-api\1.2.2\jakarta.activation-api-1.2.2.jar;D:\mavenRepository\org\assertj\assertj-core\3.22.0\assertj-core-3.22.0.jar;D:\mavenRepository\org\hamcrest\hamcrest\2.2\hamcrest-2.2.jar;D:\mavenRepository\org\junit\jupiter\junit-jupiter\5.8.2\junit-jupiter-5.8.2.jar;D:\mavenRepository\org\junit\jupiter\junit-jupiter-api\5.8.2\junit-jupiter-api-5.8.2.jar;D:\mavenRepository\org\opentest4j\opentest4j\1.2.0\opentest4j-1.2.0.jar;D:\mavenRepository\org\junit\platform\junit-platform-commons\1.8.2\junit-platform-commons-1.8.2.jar;D:\mavenRepository\org\apiguardian\apiguardian-api\1.1.2\apiguardian-api-1.1.2.jar;D:\mavenRepository\org\junit\jupiter\junit-jupiter-params\5.8.2\junit-jupiter-params-5.8.2.jar;D:\mavenRepository\org\junit\jupiter\junit-jupiter-engine\5.8.2\junit-jupiter-engine-5.8.2.jar;D:\mavenRepository\org\junit\platform\junit-platform-engine\1.8.2\junit-platform-engine-1.8.2.jar;D:\mavenRepository\org\mockito\mockito-core\4.5.1\mockito-core-4.5.1.jar;D:\mavenRepository\net\bytebuddy\byte-buddy\1.12.18\byte-buddy-1.12.18.jar;D:\mavenRepository\net\bytebuddy\byte-buddy-agent\1.12.18\byte-buddy-agent-1.12.18.jar;D:\mavenRepository\org\objenesis\objenesis\3.2\objenesis-3.2.jar;D:\mavenRepository\org\mockito\mockito-junit-jupiter\4.5.1\mockito-junit-jupiter-4.5.1.jar;D:\mavenRepository\org\skyscreamer\jsonassert\1.5.1\jsonassert-1.5.1.jar;D:\mavenRepository\com\vaadin\external\google\android-json\0.0.20131108.vaadin1\android-json-0.0.20131108.vaadin1.jar;D:\mavenRepository\org\springframework\spring-core\5.3.23\spring-core-5.3.23.jar;D:\mavenRepository\org\springframework\spring-jcl\5.3.23\spring-jcl-5.3.23.jar;D:\mavenRepository\org\springframework\spring-test\5.3.23\spring-test-5.3.23.jar;D:\mavenRepository\org\xmlunit\xmlunit-core\2.9.0\xmlunit-core-2.9.0.jar;D:\mavenRepository\com\aliyun\oss\aliyun-sdk-oss\3.17.2\aliyun-sdk-oss-3.17.2.jar;D:\mavenRepository\org\apache\httpcomponents\httpclient\4.5.13\httpclient-4.5.13.jar;D:\mavenRepository\org\apache\httpcomponents\httpcore\4.4.15\httpcore-4.4.15.jar;D:\mavenRepository\org\jdom\jdom2\2.0.6.1\jdom2-2.0.6.1.jar;D:\mavenRepository\org\codehaus\jettison\jettison\1.5.4\jettison-1.5.4.jar;D:\mavenRepository\com\aliyun\aliyun-java-sdk-core\4.5.10\aliyun-java-sdk-core-4.5.10.jar;D:\mavenRepository\com\google\code\gson\gson\2.9.1\gson-2.9.1.jar;D:\mavenRepository\commons-logging\commons-logging\1.2\commons-logging-1.2.jar;D:\mavenRepository\javax\xml\bind\jaxb-api\2.3.1\jaxb-api-2.3.1.jar;D:\mavenRepository\javax\activation\javax.activation-api\1.2.0\javax.activation-api-1.2.0.jar;D:\mavenRepository\org\jacoco\org.jacoco.agent\0.8.5\org.jacoco.agent-0.8.5-runtime.jar;D:\mavenRepository\org\ini4j\ini4j\0.5.4\ini4j-0.5.4.jar;D:\mavenRepository\io\opentracing\opentracing-api\0.33.0\opentracing-api-0.33.0.jar;D:\mavenRepository\io\opentracing\opentracing-util\0.33.0\opentracing-util-0.33.0.jar;D:\mavenRepository\io\opentracing\opentracing-noop\0.33.0\opentracing-noop-0.33.0.jar;D:\mavenRepository\com\aliyun\aliyun-java-sdk-ram\3.1.0\aliyun-java-sdk-ram-3.1.0.jar;D:\mavenRepository\com\aliyun\aliyun-java-sdk-kms\2.11.0\aliyun-java-sdk-kms-2.11.0.jar;"/>
    <property name="sun.cpu.endian" value="little"/>
    <property name="user.home" value="C:\Users\wjc28"/>
    <property name="user.language" value="zh"/>
    <property name="java.specification.vendor" value="Oracle Corporation"/>
    <property name="java.home" value="C:\Program Files\Java\jdk-1.8\jre"/>
    <property name="basedir" value="D:\Development\codes\xitu2"/>
    <property name="file.separator" value="\"/>
    <property name="line.separator" value="&#10;"/>
    <property name="java.vm.specification.vendor" value="Oracle Corporation"/>
    <property name="java.specification.name" value="Java Platform API Specification"/>
    <property name="java.awt.graphicsenv" value="sun.awt.Win32GraphicsEnvironment"/>
    <property name="surefire.real.class.path" value="C:\Users\wjc28\AppData\Local\Temp\surefire8091044876691237574\surefirebooter656087361567618880.jar"/>
    <property name="sun.boot.class.path" value="C:\Program Files\Java\jdk-1.8\jre\lib\resources.jar;C:\Program Files\Java\jdk-1.8\jre\lib\rt.jar;C:\Program Files\Java\jdk-1.8\jre\lib\jsse.jar;C:\Program Files\Java\jdk-1.8\jre\lib\jce.jar;C:\Program Files\Java\jdk-1.8\jre\lib\charsets.jar;C:\Program Files\Java\jdk-1.8\jre\lib\jfr.jar;C:\Program Files\Java\jdk-1.8\jre\classes"/>
    <property name="user.script" value=""/>
    <property name="sun.management.compiler" value="HotSpot 64-Bit Tiered Compilers"/>
    <property name="java.runtime.version" value="1.8.0_371-b11"/>
    <property name="user.name" value="wjc28"/>
    <property name="path.separator" value=";"/>
    <property name="os.version" value="10.0"/>
    <property name="java.endorsed.dirs" value="C:\Program Files\Java\jdk-1.8\jre\lib\endorsed"/>
    <property name="java.runtime.name" value="Java(TM) SE Runtime Environment"/>
    <property name="file.encoding" value="GBK"/>
    <property name="java.vm.name" value="Java HotSpot(TM) 64-Bit Server VM"/>
    <property name="localRepository" value="D:\mavenRepository"/>
    <property name="java.vendor.url.bug" value="http://bugreport.sun.com/bugreport/"/>
    <property name="java.io.tmpdir" value="C:\Users\wjc28\AppData\Local\Temp\"/>
    <property name="idea.version" value="2023.2.2"/>
    <property name="java.version" value="1.8.0_371"/>
    <property name="user.dir" value="D:\Development\codes\xitu2"/>
    <property name="os.arch" value="amd64"/>
    <property name="java.vm.specification.name" value="Java Virtual Machine Specification"/>
    <property name="java.awt.printerjob" value="sun.awt.windows.WPrinterJob"/>
    <property name="sun.os.patch.level" value=""/>
    <property name="java.library.path" value="C:\Program Files\Java\jdk-1.8\jre\bin;C:\WINDOWS\Sun\Java\bin;C:\WINDOWS\system32;C:\WINDOWS;C:\Program Files\NVIDIA GPU Computing Toolkit\CUDA\v11.3\bin;C:\Program Files\NVIDIA GPU Computing Toolkit\CUDA\v11.3\libnvvp;D:\VMware\bin\;D:\Development\javaSE\bin;C:\Program Files\Common Files\Oracle\Java\javapath;C:\Program Files (x86)\Common Files\Oracle\Java\javapath;D:\PYTHON\Scripts\;D:\PYTHON\;C:\WINDOWS\system32;C:\WINDOWS;C:\WINDOWS\System32\Wbem;C:\WINDOWS\System32\WindowsPowerShell\v1.0\;C:\WINDOWS\System32\OpenSSH\;D:\git\Git\cmd;C:\Program Files\NVIDIA Corporation\NVIDIA NvDLISR;D:\MySql\mysql-5.7.43-winx64\bin;D:\apache-maven-3.9.5-bin\apache-maven-3.9.5\bin;C:\Program Files\Java\jdk-1.8\bin;C:\Program Files\nodejs\;C:\Program Files (x86)\Pandoc\;C:\Program Files\dotnet\;D:\Matlab R2022a(64bit)\matlab\bin;C:\Program Files (x86)\NVIDIA Corporation\PhysX\Common;D:\anaconda\Scripts;?D:\anaconda;D:\anaconda\Library\bin;C:\Program Files\NVIDIA Corporation\Nsight Compute 2021.1.0\;C:\Program Files\NVIDIA GPU Computing Toolkit\CUDA;C:\Program Files\NVIDIA GPU Computing Toolkit\CUDA\v11.3\lib\x64;C:\Program Files\NVIDIA GPU Computing Toolkit\CUDA\v11.3\bin;C:\Program Files\NVIDIA GPU Computing Toolkit\CUDA\v11.3\libnvvp;D:\Xshell 7\;?D:\MIN64\mingw64\bin;C:\Users\wjc28\AppData\Local\Microsoft\WindowsApps;D:\Microsoft VS Code\bin;D:\MIN64\mingw64\bin;C:\Users\wjc28\AppData\Local\GitHubDesktop\bin;C:\Users\wjc28\AppData\Roaming\npm;D:\PyCharm\PyCharm 2020.1.3\bin;;."/>
    <property name="java.vm.info" value="mixed mode"/>
    <property name="java.vendor" value="Oracle Corporation"/>
    <property name="java.vm.version" value="25.371-b11"/>
    <property name="java.specification.maintenance.version" value="4"/>
    <property name="java.ext.dirs" value="C:\Program Files\Java\jdk-1.8\jre\lib\ext;C:\WINDOWS\Sun\Java\lib\ext"/>
    <property name="sun.io.unicode.encoding" value="UnicodeLittle"/>
    <property name="java.class.version" value="52.0"/>
  </properties>
  <testcase name="contextLoads" classname="com.teamtwo.xitu.XituApplicationTests" time="0.147"/>
</testsuite>